<?xml version="1.0" encoding="UTF-8"?>
<coverage generated="1677789946834" clover="3.2.0">
  <project timestamp="1677789946834" name="All files">
    <metrics statements="27" coveredstatements="15" conditionals="8" coveredconditionals="6" methods="13" coveredmethods="6" elements="48" coveredelements="27" complexity="0" loc="27" ncloc="27" packages="1" files="1" classes="1"/>
    <file name="Todos.js" path="C:\Users\siyus\OneDrive\Desktop\projects\Microverse\Module 2\Todo-List-2\src\modules\Todos.js">
      <metrics statements="27" coveredstatements="15" conditionals="8" coveredconditionals="6" methods="13" coveredmethods="6"/>
      <line num="3" count="4" type="stmt"/>
      <line num="7" count="6" type="cond" truecount="2" falsecount="0"/>
      <line num="8" count="1" type="stmt"/>
      <line num="10" count="5" type="stmt"/>
      <line num="15" count="5" type="stmt"/>
      <line num="16" count="5" type="stmt"/>
      <line num="20" count="0" type="stmt"/>
      <line num="24" count="0" type="stmt"/>
      <line num="25" count="0" type="stmt"/>
      <line num="29" count="2" type="cond" truecount="4" falsecount="0"/>
      <line num="30" count="1" type="stmt"/>
      <line num="32" count="1" type="stmt"/>
      <line num="33" count="1" type="stmt"/>
      <line num="34" count="1" type="stmt"/>
      <line num="38" count="0" type="stmt"/>
      <line num="39" count="0" type="stmt"/>
      <line num="43" count="1" type="stmt"/>
      <line num="44" count="2" type="stmt"/>
      <line num="49" count="6" type="stmt"/>
      <line num="53" count="0" type="stmt"/>
      <line num="54" count="0" type="cond" truecount="0" falsecount="2"/>
      <line num="55" count="0" type="stmt"/>
      <line num="60" count="0" type="stmt"/>
      <line num="61" count="0" type="stmt"/>
      <line num="65" count="0" type="stmt"/>
      <line num="66" count="0" type="stmt"/>
      <line num="70" count="2" type="stmt"/>
    </file>
  </project>
</coverage>
