{"C:\\Users\\siyus\\OneDrive\\Desktop\\projects\\Microverse\\Module 2\\Todo-List-2\\src\\modules\\Todos.js": {"path":"C:\\Users\\siyus\\OneDrive\\Desktop\\projects\\Microverse\\Module 2\\Todo-List-2\\src\\modules\\Todos.js","statementMap":{"0":{"start":{"line":3,"column":4},"end":{"line":3,"column":20}},"1":{"start":{"line":7,"column":4},"end":{"line":9,"column":5}},"2":{"start":{"line":8,"column":6},"end":{"line":8,"column":13}},"3":{"start":{"line":10,"column":20},"end":{"line":14,"column":5}},"4":{"start":{"line":15,"column":4},"end":{"line":15,"column":29}},"5":{"start":{"line":16,"column":4},"end":{"line":16,"column":21}},"6":{"start":{"line":20,"column":4},"end":{"line":20,"column":22}},"7":{"start":{"line":24,"column":4},"end":{"line":24,"column":23}},"8":{"start":{"line":25,"column":4},"end":{"line":25,"column":21}},"9":{"start":{"line":29,"column":4},"end":{"line":31,"column":5}},"10":{"start":{"line":30,"column":6},"end":{"line":30,"column":13}},"11":{"start":{"line":32,"column":4},"end":{"line":32,"column":36}},"12":{"start":{"line":33,"column":4},"end":{"line":33,"column":24}},"13":{"start":{"line":34,"column":4},"end":{"line":34,"column":21}},"14":{"start":{"line":38,"column":4},"end":{"line":38,"column":55}},"15":{"start":{"line":39,"column":4},"end":{"line":39,"column":21}},"16":{"start":{"line":43,"column":4},"end":{"line":45,"column":7}},"17":{"start":{"line":44,"column":6},"end":{"line":44,"column":29}},"18":{"start":{"line":49,"column":4},"end":{"line":49,"column":62}},"19":{"start":{"line":53,"column":23},"end":{"line":53,"column":64}},"20":{"start":{"line":54,"column":4},"end":{"line":56,"column":5}},"21":{"start":{"line":55,"column":6},"end":{"line":55,"column":30}},"22":{"start":{"line":60,"column":4},"end":{"line":60,"column":20}},"23":{"start":{"line":61,"column":4},"end":{"line":61,"column":21}},"24":{"start":{"line":65,"column":4},"end":{"line":65,"column":62}},"25":{"start":{"line":65,"column":45},"end":{"line":65,"column":60}},"26":{"start":{"line":66,"column":4},"end":{"line":66,"column":24}},"27":{"start":{"line":70,"column":0},"end":{"line":70,"column":23}}},"fnMap":{"0":{"name":"(anonymous_0)","decl":{"start":{"line":2,"column":2},"end":{"line":2,"column":3}},"loc":{"start":{"line":2,"column":16},"end":{"line":4,"column":3}},"line":2},"1":{"name":"(anonymous_1)","decl":{"start":{"line":6,"column":2},"end":{"line":6,"column":3}},"loc":{"start":{"line":6,"column":23},"end":{"line":17,"column":3}},"line":6},"2":{"name":"(anonymous_2)","decl":{"start":{"line":19,"column":2},"end":{"line":19,"column":3}},"loc":{"start":{"line":19,"column":17},"end":{"line":21,"column":3}},"line":19},"3":{"name":"(anonymous_3)","decl":{"start":{"line":23,"column":2},"end":{"line":23,"column":3}},"loc":{"start":{"line":23,"column":22},"end":{"line":26,"column":3}},"line":23},"4":{"name":"(anonymous_4)","decl":{"start":{"line":28,"column":2},"end":{"line":28,"column":3}},"loc":{"start":{"line":28,"column":20},"end":{"line":35,"column":3}},"line":28},"5":{"name":"(anonymous_5)","decl":{"start":{"line":37,"column":2},"end":{"line":37,"column":3}},"loc":{"start":{"line":37,"column":34},"end":{"line":40,"column":3}},"line":37},"6":{"name":"(anonymous_6)","decl":{"start":{"line":42,"column":2},"end":{"line":42,"column":3}},"loc":{"start":{"line":42,"column":17},"end":{"line":46,"column":3}},"line":42},"7":{"name":"(anonymous_7)","decl":{"start":{"line":43,"column":23},"end":{"line":43,"column":24}},"loc":{"start":{"line":43,"column":40},"end":{"line":45,"column":5}},"line":43},"8":{"name":"(anonymous_8)","decl":{"start":{"line":48,"column":2},"end":{"line":48,"column":3}},"loc":{"start":{"line":48,"column":14},"end":{"line":50,"column":3}},"line":48},"9":{"name":"(anonymous_9)","decl":{"start":{"line":52,"column":2},"end":{"line":52,"column":3}},"loc":{"start":{"line":52,"column":14},"end":{"line":57,"column":3}},"line":52},"10":{"name":"(anonymous_10)","decl":{"start":{"line":59,"column":2},"end":{"line":59,"column":3}},"loc":{"start":{"line":59,"column":17},"end":{"line":62,"column":3}},"line":59},"11":{"name":"(anonymous_11)","decl":{"start":{"line":64,"column":2},"end":{"line":64,"column":3}},"loc":{"start":{"line":64,"column":25},"end":{"line":67,"column":3}},"line":64},"12":{"name":"(anonymous_12)","decl":{"start":{"line":65,"column":35},"end":{"line":65,"column":36}},"loc":{"start":{"line":65,"column":45},"end":{"line":65,"column":60}},"line":65}},"branchMap":{"0":{"loc":{"start":{"line":7,"column":4},"end":{"line":9,"column":5}},"type":"if","locations":[{"start":{"line":7,"column":4},"end":{"line":9,"column":5}},{"start":{},"end":{}}],"line":7},"1":{"loc":{"start":{"line":29,"column":4},"end":{"line":31,"column":5}},"type":"if","locations":[{"start":{"line":29,"column":4},"end":{"line":31,"column":5}},{"start":{},"end":{}}],"line":29},"2":{"loc":{"start":{"line":29,"column":8},"end":{"line":29,"column":46}},"type":"binary-expr","locations":[{"start":{"line":29,"column":8},"end":{"line":29,"column":17}},{"start":{"line":29,"column":21},"end":{"line":29,"column":46}}],"line":29},"3":{"loc":{"start":{"line":54,"column":4},"end":{"line":56,"column":5}},"type":"if","locations":[{"start":{"line":54,"column":4},"end":{"line":56,"column":5}},{"start":{},"end":{}}],"line":54}},"s":{"0":4,"1":6,"2":1,"3":5,"4":5,"5":5,"6":0,"7":0,"8":0,"9":2,"10":1,"11":1,"12":1,"13":1,"14":0,"15":0,"16":1,"17":2,"18":6,"19":0,"20":0,"21":0,"22":0,"23":0,"24":0,"25":0,"26":0,"27":2},"f":{"0":4,"1":6,"2":0,"3":0,"4":2,"5":0,"6":1,"7":2,"8":6,"9":0,"10":0,"11":0,"12":0},"b":{"0":[1,5],"1":[1,1],"2":[2,2],"3":[0,0]},"_coverageSchema":"1a1c01bbd47fc00a2c39e90264f33305004495a9","hash":"382a5c2fc0edd7d4deb6cba30f62077a41bc2de1"}
}
