TN:
SF:src\modules\Todos.js
FN:2,(anonymous_0)
FN:6,(anonymous_1)
FN:19,(anonymous_2)
FN:23,(anonymous_3)
FN:28,(anonymous_4)
FN:37,(anonymous_5)
FN:42,(anonymous_6)
FN:43,(anonymous_7)
FN:48,(anonymous_8)
FN:52,(anonymous_9)
FN:59,(anonymous_10)
FN:64,(anonymous_11)
FN:65,(anonymous_12)
FNF:13
FNH:6
FNDA:4,(anonymous_0)
FNDA:6,(anonymous_1)
FNDA:0,(anonymous_2)
FNDA:0,(anonymous_3)
FNDA:2,(anonymous_4)
FNDA:0,(anonymous_5)
FNDA:1,(anonymous_6)
FNDA:2,(anonymous_7)
FNDA:6,(anonymous_8)
FNDA:0,(anonymous_9)
FNDA:0,(anonymous_10)
FNDA:0,(anonymous_11)
FNDA:0,(anonymous_12)
DA:3,4
DA:7,6
DA:8,1
DA:10,5
DA:15,5
DA:16,5
DA:20,0
DA:24,0
DA:25,0
DA:29,2
DA:30,1
DA:32,1
DA:33,1
DA:34,1
DA:38,0
DA:39,0
DA:43,1
DA:44,2
DA:49,6
DA:53,0
DA:54,0
DA:55,0
DA:60,0
DA:61,0
DA:65,0
DA:66,0
DA:70,2
LF:27
LH:15
BRDA:7,0,0,1
BRDA:7,0,1,5
BRDA:29,1,0,1
BRDA:29,1,1,1
BRDA:29,2,0,2
BRDA:29,2,1,2
BRDA:54,3,0,0
BRDA:54,3,1,0
BRF:8
BRH:6
end_of_record
